     1                                  cyls	equ 10
     2                                  org	0x7c00
     3                                  
     4 00000000 EB4E                    jmp	entry
     5 00000002 90                      db	0x90;
     6 00000003 48415249424F5445        db	"HARIBOTE";
     7 0000000B 0002                    dw	512;
     8 0000000D 01                      db	1;
     9 0000000E 0100                    dw	1;
    10 00000010 02                      db	2;
    11 00000011 E000                    dw	224;
    12 00000013 400B                    dw	2880;
    13 00000015 F0                      db	0xf0
    14 00000016 0900                    dw	9
    15 00000018 1200                    dw	18
    16 0000001A 0200                    dw	2
    17 0000001C 00000000                dd 0
    18 00000020 400B0000                dd 2880
    19 00000024 000029                  db 0,0,0x29
    20 00000027 FFFFFFFF                dd	0xffffffff
    21 0000002B 48415249424F54454F-     db	"HARIBOTEOS "
    21 00000034 5320               
    22 00000036 4641543132202020        db	"FAT12   "
    23 0000003E 00<rept>                times	18	db	0
    24                                  
    25                                  ; プログラム本体
    26                                  
    27                                  entry:
    28 00000050 B80000                  	mov	ax,0
    29 00000053 8ED0                    	mov	ss,ax
    30 00000055 BC007C                  	mov	sp,0x7c00
    31 00000058 8ED8                    	mov	ds,ax
    32                                  	
    33                                  	;mov	si,msg
    34                                  
    35                                  ;ディスクを読む
    36 0000005A B82008                  mov	ax,0x0820
    37 0000005D 8EC0                    mov	es,ax
    38 0000005F B500                    mov	ch,0 ;シリンダ0
    39 00000061 B600                    mov	dh,0 ;ヘッド0
    40 00000063 B102                    mov	cl,2 ;セクタ2
    41                                  
    42                                  readloop:
    43 00000065 BE0000                  	mov	si,0 ;失敗回数を数えるレジスタを0にする
    44                                  
    45                                  retry:
    46 00000068 B402                    	mov	ah,0x02 ;AH=0x02 : ディスク読み込み
    47 0000006A B001                    	mov	al,1 ;1セクタ
    48 0000006C BB0000                  	mov	bx,0 ;
    49 0000006F B200                    	mov	dl,0x00 ;Aドライブ
    50 00000071 CD13                    	int	0x13 ;ディスクbios呼び出し
    51 00000073 7310                    	jnc	next
    52 00000075 83C601                  	add	si,1
    53 00000078 83FE05                  	cmp	si,5
    54 0000007B 7335                    	jae	error
    55 0000007D B400                    	mov	ah,0 ;システムのリセット(0x13ディスク関係内)
    56 0000007F B200                    	mov	dl,0x00
    57 00000081 CD13                    	int	0x13
    58 00000083 EBE3                    	jmp	retry
    59                                  
    60                                  next:
    61 00000085 8CC0                    	mov	ax,es
    62 00000087 83C020                  	add ax,0x0020
    63 0000008A 8EC0                    	mov es,ax
    64 0000008C 80C101                  	add cl,1
    65 0000008F 80F912                  	cmp cl,18
    66 00000092 76D1                    	jbe readloop
    67 00000094 B101                    	mov	cl,1
    68 00000096 80C601                  	add	dh,1
    69 00000099 80FE02                  	cmp	dh,2
    70 0000009C 72C7                    	jb	readloop
    71 0000009E B600                    	mov	dh,0
    72 000000A0 80C501                  	add	ch,1
    73 000000A3 80FD0A                  	cmp	ch,cyls
    74 000000A6 72BD                    	jb	readloop
    75                                  	
    76 000000A8 882EF00F                	mov	[0x0ff0],ch
    77 000000AC E9(00C2)                	jmp	0xc200
    78                                  
    79                                  	
    80                                  	
    81                                  fin:
    82 000000AF F4                      	hlt
    83 000000B0 EBFD                    	jmp	fin
    84                                  	
    85                                  error:
    86 000000B2 BE[C700]                	mov	si,msg
    87                                  
    88                                  putloop:
    89 000000B5 8A04                    	mov al,[si]
    90 000000B7 83C601                  	add si,1
    91 000000BA 3C00                    	cmp al,0
    92 000000BC 74F1                    	je	fin
    93 000000BE B40E                    	mov	ah,0x0e
    94 000000C0 BB0F00                  	mov bx,15
    95 000000C3 CD10                    	int	0x10
    96 000000C5 EBEE                    	jmp	putloop
    97                                  
    98                                  
    99                                  msg:
   100 000000C7 0A0A                    	db	0x0a,0x0a
   101 000000C9 4C6F6164204572726F-     	db	"Load Error"
   101 000000D2 72                 
   102 000000D3 0A                      	db	0x0a
   103 000000D4 00                      	db	0
   104 000000D5 00<rept>                	times	0x7dfe-0x7c00-($-$$)	db	0
   105 000001FE 55AA                    	db 0x55,0xaa
   106                                  
   107                                  ;以下はブートセクタ以外の部分の記述
   108                                  ;db	0xf0,0xff,0xff,0x00,0x00,0x00,0x00,0x00
   109                                  ;times 4600 db 0
   110                                  ;db 0xf0,0xff,0xff,0x00,0x00,0x00,0x00,0x00
   111                                  ;times 1469432 db 0
   112                                  
   113                                  
